<?xml version="1.0" encoding="UTF-8"?>
<testng-results ignored="0" total="2" passed="2" failed="0" skipped="0">
  <reporter-output>
  </reporter-output>
  <suite started-at="2024-09-10T12:35:03 EEST" name="Default suite" finished-at="2024-09-10T12:35:49 EEST" duration-ms="45936">
    <groups>
    </groups>
    <test started-at="2024-09-10T12:35:03 EEST" name="Default test" finished-at="2024-09-10T12:35:49 EEST" duration-ms="45936">
      <class name="automationFramework.Main">
        <test-method signature="setUp()[pri:1, instance:automationFramework.Main@25ce9dc4]" started-at="2024-09-10T12:35:03 EEST" name="setUp" finished-at="2024-09-10T12:35:11 EEST" duration-ms="7438" status="PASS">
          <reporter-output>
          </reporter-output>
        </test-method> <!-- setUp -->
        <test-method signature="runAllTests()[pri:2, instance:automationFramework.Main@25ce9dc4]" started-at="2024-09-10T12:35:11 EEST" name="runAllTests" finished-at="2024-09-10T12:35:49 EEST" duration-ms="38376" status="PASS">
          <reporter-output>
          </reporter-output>
        </test-method> <!-- runAllTests -->
      </class> <!-- automationFramework.Main -->
    </test> <!-- Default test -->
  </suite> <!-- Default suite -->
</testng-results>
